#
# A fatal error has been detected by the Java Runtime Environment:
#
#  EXCEPTION_ACCESS_VIOLATION (0xc0000005) at pc=0x00007fffda65c6f9, pid=2704, tid=4028
#
# JRE version: OpenJDK Runtime Environment (11.0.10) (build 11.0.10+0-b96-7249189)
# Java VM: OpenJDK 64-Bit Server VM (11.0.10+0-b96-7249189, mixed mode, tiered, compressed oops, g1 gc, windows-amd64)
# Problematic frame:
# C  [native-platform-file-events.dll+0x1c6f9]
#
# No core dump will be written. Minidumps are not enabled by default on client versions of Windows
#
# If you would like to submit a bug report, please visit:
#   https://bugreport.java.com/bugreport/crash.jsp
# The crash happened outside the Java Virtual Machine in native code.
# See problematic frame for where to report the bug.
#

---------------  S U M M A R Y ------------

Command Line: --add-opens=java.base/java.util=ALL-UNNAMED --add-opens=java.base/java.lang=ALL-UNNAMED --add-opens=java.base/java.lang.invoke=ALL-UNNAMED --add-opens=java.base/java.util=ALL-UNNAMED --add-opens=java.prefs/java.util.prefs=ALL-UNNAMED --add-opens=java.prefs/java.util.prefs=ALL-UNNAMED --add-opens=java.base/java.nio.charset=ALL-UNNAMED --add-opens=java.base/java.net=ALL-UNNAMED --add-opens=java.base/java.util.concurrent.atomic=ALL-UNNAMED -Xmx2048m -Dfile.encoding=UTF-8 -Duser.country=RU -Duser.language=ru -Duser.variant org.gradle.launcher.daemon.bootstrap.GradleDaemon 7.0.2

Host: Intel(R) Core(TM) i5-8600K CPU @ 3.60GHz, 6 cores, 7G,  Windows 10 , 64 bit Build 17763 (10.0.17763.2145)
Time: Fri Nov 12 11:59:25 2021 Iiaineae?neia noaiaa?oiia a?aiy elapsed time: 90.218089 seconds (0d 0h 1m 30s)

---------------  T H R E A D  ---------------

Current thread (0x0000027aab81f800):  JavaThread "File watcher server" daemon [_thread_in_native, id=4028, stack(0x000000968cf00000,0x000000968d000000)]

Stack: [0x000000968cf00000,0x000000968d000000],  sp=0x000000968cffe5d0,  free space=1017k
Native frames: (J=compiled Java code, j=interpreted, Vv=VM code, C=native code)
C  [native-platform-file-events.dll+0x1c6f9]

Java frames: (J=compiled Java code, j=interpreted, Vv=VM code)
j  net.rubygrapefruit.platform.internal.jni.AbstractFileEventFunctions$NativeFileWatcher.executeRunLoop0(Ljava/lang/Object;)V+0
j  net.rubygrapefruit.platform.internal.jni.AbstractFileEventFunctions$NativeFileWatcher.access$100(Lnet/rubygrapefruit/platform/internal/jni/AbstractFileEventFunctions$NativeFileWatcher;Ljava/lang/Object;)V+2
j  net.rubygrapefruit.platform.internal.jni.AbstractFileEventFunctions$NativeFileWatcher$1.run()V+26
v  ~StubRoutines::call_stub

siginfo: EXCEPTION_ACCESS_VIOLATION (0xc0000005), reading address 0xffffffffffffffff


Register to memory mapping:

RIP=0x00007fffda65c6f9 native-platform-file-events.dll
RAX=0x0032003300370064 is an unknown value
RBX=0x0000000000000001 is an unknown value
RCX=0x0032003300370064 is an unknown value
RDX=0x0 is NULL
RSP=0x000000968cffe5d0 is pointing into the stack for thread: 0x0000027aab81f800
RBP=0x000000968cffee98 is pointing into the stack for thread: 0x0000027aab81f800
RSI=0x0 is NULL
RDI=
[error occurred during error reporting (printing register info), id 0xc0000005, EXCEPTION_ACCESS_VIOLATION (0xc0000005) at pc=0x00007fffbd639dc7]

Registers:
RAX=0x0032003300370064, RBX=0x0000000000000001, RCX=0x0032003300370064, RDX=0x0000000000000000
RSP=0x000000968cffe5d0, RBP=0x000000968cffee98, RSI=0x0000000000000000, RDI=0x00000000ffffffff
R8 =0x0000000000000032, R9 =0x000000968cffe6f0, R10=0x0000000000000000, R11=0x0000000000000246
R12=0x0000000000000000, R13=0x0000027aae8d4208, R14=0x000000968cffeec0, R15=0x0000027aab81f800
RIP=0x00007fffda65c6f9, EFLAGS=0x0000000000010297

Top of Stack: (sp=0x000000968cffe5d0)
0x000000968cffe5d0:   000000968cffe610 000000968d0fe8e0
0x000000968cffe5e0:   0000000000000000 0000027aad37a660
0x000000968cffe5f0:   0000000000000001 000000000000024f
0x000000968cffe600:   000000968cffe600 0000000000000000
0x000000968cffe610:   0000009600000000 0000027aa92b8d01
0x000000968cffe620:   0000000000000000 00007fffda65daad
0x000000968cffe630:   00009fa81c4d915a 0000000000000000
0x000000968cffe640:   0000027aab81f800 000000968cffeec0
0x000000968cffe650:   0000027aae8d4208 0000000000000000
0x000000968cffe660:   000000968cffee98 00007ff809930dd2
0x000000968cffe670:   000000968d0fe8a0 0000000000000000
0x000000968cffe680:   00007fffda65da90 000000968d0fe8a0
0x000000968cffe690:   0000000000000048 00002e30de9a64d8
0x000000968cffe6a0:   0000000000000000 00007fffda65c882
0x000000968cffe6b0:   0032003300370064 ffffffff00000000
0x000000968cffe6c0:   00007fff00000032 0000027aad37a640 

Instructions: (pc=0x00007fffda65c6f9)
0x00007fffda65c5f9:   48 89 4c 24 08 48 81 ec d8 00 00 00 48 8b 05 3c
0x00007fffda65c609:   7c 10 00 48 33 c4 48 89 84 24 c8 00 00 00 c7 44
0x00007fffda65c619:   24 40 00 00 00 00 81 bc 24 e8 00 00 00 e3 03 00
0x00007fffda65c629:   00 0f 85 c1 00 00 00 ba 03 00 00 00 48 8b 0d d4
0x00007fffda65c639:   ae 10 00 e8 01 a3 fe ff 0f b6 c0 85 c0 74 7a 48
0x00007fffda65c649:   8b 84 24 e0 00 00 00 8b 40 68 89 44 24 44 48 8b
0x00007fffda65c659:   84 24 e0 00 00 00 48 83 c0 08 48 8b d0 48 8d 8c
0x00007fffda65c669:   24 88 00 00 00 e8 c3 4f fe ff 48 89 44 24 50 48
0x00007fffda65c679:   8b 44 24 50 48 89 44 24 58 8b 44 24 40 83 c8 01
0x00007fffda65c689:   89 44 24 40 48 8b 4c 24 58 e8 93 51 fe ff 48 89
0x00007fffda65c699:   44 24 60 8b 44 24 44 89 44 24 20 4c 8b 4c 24 60
0x00007fffda65c6a9:   4c 8d 05 a0 ae 0d 00 ba 03 00 00 00 48 8b 0d 54
0x00007fffda65c6b9:   ae 10 00 e8 d1 70 fe ff 90 8b 44 24 40 83 e0 01
0x00007fffda65c6c9:   85 c0 74 12 83 64 24 40 fe 48 8d 8c 24 88 00 00
0x00007fffda65c6d9:   00 e8 c0 59 fe ff 48 8b 8c 24 e0 00 00 00 e8 3a
0x00007fffda65c6e9:   9b fe ff e9 36 01 00 00 48 8b 84 24 e0 00 00 00
0x00007fffda65c6f9:   83 78 68 01 0f 84 cb 00 00 00 ba 03 00 00 00 48
0x00007fffda65c709:   8b 0d 01 ae 10 00 e8 2e a2 fe ff 0f b6 c0 85 c0
0x00007fffda65c719:   0f 84 90 00 00 00 48 8b 84 24 e0 00 00 00 8b 40
0x00007fffda65c729:   68 89 44 24 48 48 8b 84 24 e0 00 00 00 48 83 c0
0x00007fffda65c739:   08 48 8b d0 48 8d 8c 24 a8 00 00 00 e8 ec 4e fe
0x00007fffda65c749:   ff 48 89 44 24 68 48 8b 44 24 68 48 89 44 24 70
0x00007fffda65c759:   8b 44 24 40 83 c8 02 89 44 24 40 48 8b 4c 24 70
0x00007fffda65c769:   e8 bc 50 fe ff 48 89 44 24 78 8b 44 24 48 89 44
0x00007fffda65c779:   24 30 8b 84 24 e8 00 00 00 89 44 24 28 8b 84 24
0x00007fffda65c789:   f0 00 00 00 89 44 24 20 4c 8b 4c 24 78 4c 8d 05
0x00007fffda65c799:   e3 ad 0d 00 ba 03 00 00 00 48 8b 0d 67 ad 10 00
0x00007fffda65c7a9:   e8 e4 6f fe ff 90 8b 44 24 40 83 e0 02 85 c0 74
0x00007fffda65c7b9:   12 83 64 24 40 fd 48 8d 8c 24 a8 00 00 00 e8 d3
0x00007fffda65c7c9:   58 fe ff eb 59 48 8b 84 24 e0 00 00 00 c7 40 68
0x00007fffda65c7d9:   00 00 00 00 48 8b 84 24 e0 00 00 00 48 8b 00 48
0x00007fffda65c7e9:   89 84 24 80 00 00 00 48 8b 84 24 e0 00 00 00 48 


Stack slot to memory mapping:
stack at sp + 0 slots: 0x000000968cffe610 is pointing into the stack for thread: 0x0000027aab81f800
stack at sp + 1 slots: 0x000000968d0fe8e0 is pointing into the stack for thread: 0x0000027aab81a800
stack at sp + 2 slots: 0x0 is NULL
stack at sp + 3 slots: 0x0000027aad37a660 points into unknown readable memory: 0x0034003000620033 | 33 00 62 00 30 00 34 00
stack at sp + 4 slots: 0x0000000000000001 is an unknown value
stack at sp + 5 slots: 0x000000000000024f is an unknown value
stack at sp + 6 slots: 0x000000968cffe600 is pointing into the stack for thread: 0x0000027aab81f800
stack at sp + 7 slots: 0x0 is NULL


---------------  P R O C E S S  ---------------

Threads class SMR info:
_java_thread_list=0x0000027ab0e4a8e0, length=59, elements={
0x0000027a8edec000, 0x0000027aa8e2b800, 0x0000027aa8e2c800, 0x0000027aa9674800,
0x0000027aa9677800, 0x0000027aa9678800, 0x0000027aa967b800, 0x0000027aa96c3800,
0x0000027aa96c4800, 0x0000027aa9820000, 0x0000027aab767800, 0x0000027aaadd4000,
0x0000027aabf74800, 0x0000027aab81a000, 0x0000027aab81b800, 0x0000027aab81f000,
0x0000027aab81f800, 0x0000027aab81a800, 0x0000027aab81c800, 0x0000027aab81d000,
0x0000027aad0bb000, 0x0000027aad0b6000, 0x0000027aad0bc000, 0x0000027aad0ba000,
0x0000027aad0b7800, 0x0000027aad0bf000, 0x0000027aac181800, 0x0000027aac17c800,
0x0000027aac180000, 0x0000027aac182800, 0x0000027aac17d800, 0x0000027aac17e800,
0x0000027aac185000, 0x0000027aac17f000, 0x0000027aac188000, 0x0000027aac18b800,
0x0000027aac189000, 0x0000027aac187800, 0x0000027aac185800, 0x0000027aac18a800,
0x0000027aac189800, 0x0000027ab34f6800, 0x0000027aac186800, 0x0000027aad0bc800,
0x0000027aad0b7000, 0x0000027aad0c2800, 0x0000027aad0bd800, 0x0000027aad0c4000,
0x0000027aad0c0000, 0x0000027aad0c0800, 0x0000027aad0c1800, 0x0000027aab81e000,
0x0000027aab819000, 0x0000027ab1717000, 0x0000027ab171b000, 0x0000027ab1719800,
0x0000027ab171a000, 0x0000027ab171c000, 0x0000027ab1716000
}

Java Threads: ( => current thread )
  0x0000027a8edec000 JavaThread "main" [_thread_blocked, id=7944, stack(0x000000968a900000,0x000000968aa00000)]
  0x0000027aa8e2b800 JavaThread "Reference Handler" daemon [_thread_blocked, id=9728, stack(0x000000968b000000,0x000000968b100000)]
  0x0000027aa8e2c800 JavaThread "Finalizer" daemon [_thread_blocked, id=9012, stack(0x000000968b100000,0x000000968b200000)]
  0x0000027aa9674800 JavaThread "Signal Dispatcher" daemon [_thread_blocked, id=3804, stack(0x000000968b200000,0x000000968b300000)]
  0x0000027aa9677800 JavaThread "Attach Listener" daemon [_thread_blocked, id=2868, stack(0x000000968b300000,0x000000968b400000)]
  0x0000027aa9678800 JavaThread "Service Thread" daemon [_thread_blocked, id=2752, stack(0x000000968b400000,0x000000968b500000)]
  0x0000027aa967b800 JavaThread "C2 CompilerThread0" daemon [_thread_blocked, id=1260, stack(0x000000968b500000,0x000000968b600000)]
  0x0000027aa96c3800 JavaThread "C1 CompilerThread0" daemon [_thread_in_native, id=5320, stack(0x000000968b600000,0x000000968b700000)]
  0x0000027aa96c4800 JavaThread "Sweeper thread" daemon [_thread_blocked, id=6816, stack(0x000000968b700000,0x000000968b800000)]
  0x0000027aa9820000 JavaThread "Common-Cleaner" daemon [_thread_blocked, id=7872, stack(0x000000968b800000,0x000000968b900000)]
  0x0000027aab767800 JavaThread "Daemon health stats" [_thread_blocked, id=8996, stack(0x000000968bd00000,0x000000968be00000)]
  0x0000027aaadd4000 JavaThread "Incoming local TCP Connector on port 2574" [_thread_in_native, id=4128, stack(0x000000968be00000,0x000000968bf00000)]
  0x0000027aabf74800 JavaThread "Daemon periodic checks" [_thread_blocked, id=4448, stack(0x000000968bf00000,0x000000968c000000)]
  0x0000027aab81a000 JavaThread "Cache worker for file hash cache (C:\Users\turkovaas\.gradle\caches\7.0.2\fileHashes)" [_thread_blocked, id=6940, stack(0x000000968ca00000,0x000000968cb00000)]
  0x0000027aab81b800 JavaThread "File lock request listener" [_thread_in_native, id=2336, stack(0x000000968cb00000,0x000000968cc00000)]
  0x0000027aab81f000 JavaThread "Cache worker for journal cache (C:\Users\turkovaas\.gradle\caches\journal-1)" [_thread_blocked, id=8944, stack(0x000000968cd00000,0x000000968ce00000)]
=>0x0000027aab81f800 JavaThread "File watcher server" daemon [_thread_in_native, id=4028, stack(0x000000968cf00000,0x000000968d000000)]
  0x0000027aab81a800 JavaThread "File watcher consumer" daemon [_thread_blocked, id=8740, stack(0x000000968d000000,0x000000968d100000)]
  0x0000027aab81c800 JavaThread "jar transforms" [_thread_blocked, id=3216, stack(0x000000968d100000,0x000000968d200000)]
  0x0000027aab81d000 JavaThread "jar transforms Thread 2" [_thread_blocked, id=8604, stack(0x000000968d200000,0x000000968d300000)]
  0x0000027aad0bb000 JavaThread "jar transforms Thread 3" [_thread_blocked, id=9508, stack(0x000000968d300000,0x000000968d400000)]
  0x0000027aad0b6000 JavaThread "jar transforms Thread 4" [_thread_blocked, id=2300, stack(0x000000968d400000,0x000000968d500000)]
  0x0000027aad0bc000 JavaThread "jar transforms Thread 5" [_thread_blocked, id=9016, stack(0x000000968d500000,0x000000968d600000)]
  0x0000027aad0ba000 JavaThread "jar transforms Thread 6" [_thread_blocked, id=4916, stack(0x000000968d600000,0x000000968d700000)]
  0x0000027aad0b7800 JavaThread "Cache worker for execution history cache (C:\Users\turkovaas\.gradle\caches\7.0.2\executionHistory)" [_thread_blocked, id=8580, stack(0x000000968da00000,0x000000968db00000)]
  0x0000027aad0bf000 JavaThread "Cache worker for file content cache (C:\Users\turkovaas\.gradle\caches\7.0.2\fileContent)" [_thread_blocked, id=2548, stack(0x000000968db00000,0x000000968dc00000)]
  0x0000027aac181800 JavaThread "Memory manager" [_thread_blocked, id=3676, stack(0x000000968e400000,0x000000968e500000)]
  0x0000027aac17c800 JavaThread "pool-3-thread-1" [_thread_blocked, id=5692, stack(0x000000968e500000,0x000000968e600000)]
  0x0000027aac180000 JavaThread "Daemon Thread 2" [_thread_blocked, id=6808, stack(0x000000968a600000,0x000000968a700000)]
  0x0000027aac182800 JavaThread "Handler for socket connection from /127.0.0.1:2574 to /127.0.0.1:2648" [_thread_in_native, id=6648, stack(0x000000968a700000,0x000000968a800000)]
  0x0000027aac17d800 JavaThread "Cancel handler" [_thread_blocked, id=1776, stack(0x000000968a800000,0x000000968a900000)]
  0x0000027aac17e800 JavaThread "Daemon worker Thread 2" [_thread_blocked, id=9668, stack(0x000000968c000000,0x000000968c100000)]
  0x0000027aac185000 JavaThread "Asynchronous log dispatcher for DefaultDaemonConnection: socket connection from /127.0.0.1:2574 to /127.0.0.1:2648" [_thread_blocked, id=8448, stack(0x000000968c200000,0x000000968c300000)]
  0x0000027aac17f000 JavaThread "Stdin handler" [_thread_blocked, id=4340, stack(0x000000968c300000,0x000000968c400000)]
  0x0000027aac188000 JavaThread "Daemon client event forwarder" [_thread_blocked, id=7844, stack(0x000000968c400000,0x000000968c500000)]
  0x0000027aac18b800 JavaThread "Cache worker for file hash cache (G:\Lab6\.gradle\7.0.2\fileHashes)" [_thread_blocked, id=8652, stack(0x000000968c500000,0x000000968c600000)]
  0x0000027aac189000 JavaThread "Cache worker for checksums cache (G:\Lab6\.gradle\checksums)" [_thread_blocked, id=1764, stack(0x000000968c600000,0x000000968c700000)]
  0x0000027aac187800 JavaThread "Cache worker for cache directory md-supplier (C:\Users\turkovaas\.gradle\caches\7.0.2\md-supplier)" [_thread_blocked, id=5080, stack(0x000000968ce00000,0x000000968cf00000)]
  0x0000027aac185800 JavaThread "Cache worker for cache directory md-rule (C:\Users\turkovaas\.gradle\caches\7.0.2\md-rule)" [_thread_blocked, id=1216, stack(0x000000968d700000,0x000000968d800000)]
  0x0000027aac18a800 JavaThread "Cache worker for dependencies-accessors (G:\Lab6\.gradle\7.0.2\dependencies-accessors)" [_thread_blocked, id=6096, stack(0x000000968d800000,0x000000968d900000)]
  0x0000027aac189800 JavaThread "Cache worker for Build Output Cleanup Cache (G:\Lab6\.gradle\buildOutputCleanup)" [_thread_in_Java, id=9740, stack(0x000000968d900000,0x000000968da00000)]
  0x0000027ab34f6800 JavaThread "C2 CompilerThread1" daemon [_thread_blocked, id=8644, stack(0x000000968dc00000,0x000000968dd00000)]
  0x0000027aac186800 JavaThread "Build operations" [_thread_blocked, id=6080, stack(0x000000968dd00000,0x000000968de00000)]
  0x0000027aad0bc800 JavaThread "Build operations Thread 2" [_thread_blocked, id=4200, stack(0x000000968de00000,0x000000968df00000)]
  0x0000027aad0b7000 JavaThread "Build operations Thread 3" [_thread_blocked, id=8912, stack(0x000000968df00000,0x000000968e000000)]
  0x0000027aad0c2800 JavaThread "Build operations Thread 4" [_thread_blocked, id=3004, stack(0x000000968e000000,0x000000968e100000)]
  0x0000027aad0bd800 JavaThread "Build operations Thread 5" [_thread_blocked, id=7300, stack(0x000000968e100000,0x000000968e200000)]
  0x0000027aad0c4000 JavaThread "Build operations Thread 6" [_thread_blocked, id=1984, stack(0x000000968e200000,0x000000968e300000)]
  0x0000027aad0c0000 JavaThread "build event listener" [_thread_blocked, id=2560, stack(0x000000968e300000,0x000000968e400000)]
  0x0000027aad0c0800 JavaThread "pool-7-thread-1" [_thread_blocked, id=832, stack(0x000000968e600000,0x000000968e700000)]
  0x0000027aad0c1800 JavaThread "build event listener" [_thread_blocked, id=3440, stack(0x000000968e700000,0x000000968e800000)]
  0x0000027aab81e000 JavaThread "Execution worker for ':'" [_thread_blocked, id=3144, stack(0x000000968e800000,0x000000968e900000)]
  0x0000027aab819000 JavaThread "Execution worker for ':' Thread 2" [_thread_blocked, id=7716, stack(0x000000968e900000,0x000000968ea00000)]
  0x0000027ab1717000 JavaThread "Execution worker for ':' Thread 3" [_thread_blocked, id=9648, stack(0x000000968ea00000,0x000000968eb00000)]
  0x0000027ab171b000 JavaThread "Execution worker for ':' Thread 4" [_thread_blocked, id=6332, stack(0x000000968eb00000,0x000000968ec00000)]
  0x0000027ab1719800 JavaThread "Execution worker for ':' Thread 5" [_thread_blocked, id=4144, stack(0x000000968ec00000,0x000000968ed00000)]
  0x0000027ab171a000 JavaThread "Cache worker for execution history cache (G:\Lab6\.gradle\7.0.2\executionHistory)" [_thread_blocked, id=9840, stack(0x000000968ed00000,0x000000968ee00000)]
  0x0000027ab171c000 JavaThread "WorkerExecutor Queue" [_thread_blocked, id=5164, stack(0x000000968ee00000,0x000000968ef00000)]
  0x0000027ab1716000 JavaThread "WorkerExecutor Queue Thread 2" [_thread_blocked, id=7824, stack(0x000000968ef00000,0x000000968f000000)]

Other Threads:
  0x0000027aa966a000 VMThread "VM Thread" [stack: 0x000000968af00000,0x000000968b000000] [id=8392]
  0x0000027aa9848800 WatcherThread [stack: 0x000000968b900000,0x000000968ba00000] [id=9768]
  0x0000027a8ee04800 GCTaskThread "GC Thread#0" [stack: 0x000000968aa00000,0x000000968ab00000] [id=8904]
  0x0000027aaa1d6000 GCTaskThread "GC Thread#1" [stack: 0x000000968bb00000,0x000000968bc00000] [id=800]
  0x0000027aaa48c800 GCTaskThread "GC Thread#2" [stack: 0x000000968bc00000,0x000000968bd00000] [id=2756]
  0x0000027aac376800 GCTaskThread "GC Thread#3" [stack: 0x000000968c700000,0x000000968c800000] [id=9552]
  0x0000027aab11c800 GCTaskThread "GC Thread#4" [stack: 0x000000968c800000,0x000000968c900000] [id=5032]
  0x0000027aaa9dc000 GCTaskThread "GC Thread#5" [stack: 0x000000968c900000,0x000000968ca00000] [id=9556]
  0x0000027a8ee38000 ConcurrentGCThread "G1 Main Marker" [stack: 0x000000968ab00000,0x000000968ac00000] [id=8176]
  0x0000027a8ee3a800 ConcurrentGCThread "G1 Conc#0" [stack: 0x000000968ac00000,0x000000968ad00000] [id=8236]
  0x0000027aac2d9800 ConcurrentGCThread "G1 Conc#1" [stack: 0x000000968cc00000,0x000000968cd00000] [id=2656]
  0x0000027aa8c92800 ConcurrentGCThread "G1 Refine#0" [stack: 0x000000968ad00000,0x000000968ae00000] [id=5536]
  0x0000027aa8c94000 ConcurrentGCThread "G1 Young RemSet Sampling" [stack: 0x000000968ae00000,0x000000968af00000] [id=7936]

Threads with active compile tasks:

VM state:not at safepoint (normal execution)

VM Mutex/Monitor currently owned by a thread: None

Heap address: 0x0000000080000000, size: 2048 MB, Compressed Oops mode: 32-bit
Narrow klass base: 0x0000000000000000, Narrow klass shift: 3
Compressed class space size: 1073741824 Address: 0x0000000100000000

Heap:
 garbage-first heap   total 187392K, used 130283K [0x0000000080000000, 0x0000000100000000)
  region size 1024K, 30 young (30720K), 8 survivors (8192K)
 Metaspace       used 116340K, capacity 119493K, committed 119680K, reserved 1153024K
  class space    used 14593K, capacity 15700K, committed 15744K, reserved 1048576K
Heap Regions: E=young(eden), S=young(survivor), O=old, HS=humongous(starts), HC=humongous(continues), CS=collection set, F=free, A=archive, TAMS=top-at-mark-start (previous, next)
|   0|0x0000000080000000, 0x0000000080100000, 0x0000000080100000|100%| O|  |TAMS 0x0000000080100000, 0x0000000080000000| Untracked 
|   1|0x0000000080100000, 0x0000000080200000, 0x0000000080200000|100%| O|  |TAMS 0x0000000080200000, 0x0000000080100000| Untracked 
|   2|0x0000000080200000, 0x0000000080300000, 0x0000000080300000|100%| O|  |TAMS 0x0000000080300000, 0x0000000080200000| Untracked 
|   3|0x0000000080300000, 0x0000000080400000, 0x0000000080400000|100%|HS|  |TAMS 0x0000000080400000, 0x0000000080300000| Complete 
|   4|0x0000000080400000, 0x0000000080500000, 0x0000000080500000|100%|HC|  |TAMS 0x0000000080500000, 0x0000000080400000| Complete 
|   5|0x0000000080500000, 0x0000000080600000, 0x0000000080600000|100%|HC|  |TAMS 0x0000000080600000, 0x0000000080500000| Complete 
|   6|0x0000000080600000, 0x0000000080700000, 0x0000000080700000|100%| O|  |TAMS 0x0000000080700000, 0x0000000080600000| Untracked 
|   7|0x0000000080700000, 0x0000000080800000, 0x0000000080800000|100%| O|  |TAMS 0x0000000080800000, 0x0000000080700000| Untracked 
|   8|0x0000000080800000, 0x0000000080900000, 0x0000000080900000|100%| O|  |TAMS 0x0000000080900000, 0x0000000080800000| Untracked 
|   9|0x0000000080900000, 0x0000000080a00000, 0x0000000080a00000|100%| O|  |TAMS 0x0000000080a00000, 0x0000000080900000| Untracked 
|  10|0x0000000080a00000, 0x0000000080b00000, 0x0000000080b00000|100%| O|  |TAMS 0x0000000080b00000, 0x0000000080a00000| Untracked 
|  11|0x0000000080b00000, 0x0000000080c00000, 0x0000000080c00000|100%| O|  |TAMS 0x0000000080c00000, 0x0000000080b00000| Untracked 
|  12|0x0000000080c00000, 0x0000000080d00000, 0x0000000080d00000|100%| O|  |TAMS 0x0000000080d00000, 0x0000000080c00000| Untracked 
|  13|0x0000000080d00000, 0x0000000080e00000, 0x0000000080e00000|100%| O|  |TAMS 0x0000000080e00000, 0x0000000080d00000| Untracked 
|  14|0x0000000080e00000, 0x0000000080f00000, 0x0000000080f00000|100%| O|  |TAMS 0x0000000080f00000, 0x0000000080e00000| Untracked 
|  15|0x0000000080f00000, 0x0000000081000000, 0x0000000081000000|100%| O|  |TAMS 0x0000000081000000, 0x0000000080f00000| Untracked 
|  16|0x0000000081000000, 0x0000000081100000, 0x0000000081100000|100%|HS|  |TAMS 0x0000000081100000, 0x0000000081000000| Complete 
|  17|0x0000000081100000, 0x0000000081200000, 0x0000000081200000|100%|HC|  |TAMS 0x0000000081200000, 0x0000000081100000| Complete 
|  18|0x0000000081200000, 0x0000000081300000, 0x0000000081300000|100%|HS|  |TAMS 0x0000000081300000, 0x0000000081200000| Complete 
|  19|0x0000000081300000, 0x0000000081400000, 0x0000000081400000|100%|HC|  |TAMS 0x0000000081400000, 0x0000000081300000| Complete 
|  20|0x0000000081400000, 0x0000000081500000, 0x0000000081500000|100%|HC|  |TAMS 0x0000000081500000, 0x0000000081400000| Complete 
|  21|0x0000000081500000, 0x0000000081600000, 0x0000000081600000|100%|HS|  |TAMS 0x0000000081600000, 0x0000000081500000| Complete 
|  22|0x0000000081600000, 0x0000000081700000, 0x0000000081700000|100%|HC|  |TAMS 0x0000000081700000, 0x0000000081600000| Complete 
|  23|0x0000000081700000, 0x0000000081800000, 0x0000000081800000|100%|HC|  |TAMS 0x0000000081800000, 0x0000000081700000| Complete 
|  24|0x0000000081800000, 0x0000000081900000, 0x0000000081900000|100%|HC|  |TAMS 0x0000000081900000, 0x0000000081800000| Complete 
|  25|0x0000000081900000, 0x0000000081a00000, 0x0000000081a00000|100%|HC|  |TAMS 0x0000000081a00000, 0x0000000081900000| Complete 
|  26|0x0000000081a00000, 0x0000000081b00000, 0x0000000081b00000|100%| O|  |TAMS 0x0000000081b00000, 0x0000000081a00000| Untracked 
|  27|0x0000000081b00000, 0x0000000081c00000, 0x0000000081c00000|100%| O|  |TAMS 0x0000000081c00000, 0x0000000081b00000| Untracked 
|  28|0x0000000081c00000, 0x0000000081d00000, 0x0000000081d00000|100%| O|  |TAMS 0x0000000081d00000, 0x0000000081c00000| Untracked 
|  29|0x0000000081d00000, 0x0000000081e00000, 0x0000000081e00000|100%| O|  |TAMS 0x0000000081e00000, 0x0000000081d00000| Untracked 
|  30|0x0000000081e00000, 0x0000000081f00000, 0x0000000081f00000|100%| O|  |TAMS 0x0000000081f00000, 0x0000000081e00000| Untracked 
|  31|0x0000000081f00000, 0x0000000082000000, 0x0000000082000000|100%| O|  |TAMS 0x0000000082000000, 0x0000000081f00000| Untracked 
|  32|0x0000000082000000, 0x0000000082100000, 0x0000000082100000|100%| O|  |TAMS 0x0000000082100000, 0x0000000082000000| Untracked 
|  33|0x0000000082100000, 0x0000000082200000, 0x0000000082200000|100%| O|  |TAMS 0x0000000082200000, 0x0000000082100000| Untracked 
|  34|0x0000000082200000, 0x0000000082300000, 0x0000000082300000|100%|HS|  |TAMS 0x0000000082300000, 0x0000000082200000| Complete 
|  35|0x0000000082300000, 0x0000000082400000, 0x0000000082400000|100%|HC|  |TAMS 0x0000000082400000, 0x0000000082300000| Complete 
|  36|0x0000000082400000, 0x0000000082500000, 0x0000000082500000|100%|HC|  |TAMS 0x0000000082500000, 0x0000000082400000| Complete 
|  37|0x0000000082500000, 0x0000000082600000, 0x0000000082600000|100%|HC|  |TAMS 0x0000000082600000, 0x0000000082500000| Complete 
|  38|0x0000000082600000, 0x0000000082700000, 0x0000000082700000|100%|HC|  |TAMS 0x0000000082700000, 0x0000000082600000| Complete 
|  39|0x0000000082700000, 0x0000000082800000, 0x0000000082800000|100%|HS|  |TAMS 0x0000000082800000, 0x0000000082700000| Complete 
|  40|0x0000000082800000, 0x0000000082900000, 0x0000000082900000|100%|HC|  |TAMS 0x0000000082900000, 0x0000000082800000| Complete 
|  41|0x0000000082900000, 0x0000000082a00000, 0x0000000082a00000|100%|HC|  |TAMS 0x0000000082a00000, 0x0000000082900000| Complete 
|  42|0x0000000082a00000, 0x0000000082b00000, 0x0000000082b00000|100%| O|  |TAMS 0x0000000082b00000, 0x0000000082a00000| Untracked 
|  43|0x0000000082b00000, 0x0000000082c00000, 0x0000000082c00000|100%| O|  |TAMS 0x0000000082c00000, 0x0000000082b00000| Untracked 
|  44|0x0000000082c00000, 0x0000000082d00000, 0x0000000082d00000|100%| O|  |TAMS 0x0000000082d00000, 0x0000000082c00000| Untracked 
|  45|0x0000000082d00000, 0x0000000082e00000, 0x0000000082e00000|100%| O|  |TAMS 0x0000000082e00000, 0x0000000082d00000| Untracked 
|  46|0x0000000082e00000, 0x0000000082f00000, 0x0000000082f00000|100%| O|  |TAMS 0x0000000082f00000, 0x0000000082e00000| Untracked 
|  47|0x0000000082f00000, 0x0000000083000000, 0x0000000083000000|100%| O|  |TAMS 0x0000000083000000, 0x0000000082f00000| Untracked 
|  48|0x0000000083000000, 0x0000000083100000, 0x0000000083100000|100%| O|  |TAMS 0x0000000083100000, 0x0000000083000000| Untracked 
|  49|0x0000000083100000, 0x0000000083200000, 0x0000000083200000|100%| O|  |TAMS 0x0000000083200000, 0x0000000083100000| Untracked 
|  50|0x0000000083200000, 0x0000000083300000, 0x0000000083300000|100%| O|  |TAMS 0x0000000083300000, 0x0000000083200000| Untracked 
|  51|0x0000000083300000, 0x0000000083400000, 0x0000000083400000|100%|HS|  |TAMS 0x0000000083400000, 0x0000000083300000| Complete 
|  52|0x0000000083400000, 0x0000000083500000, 0x0000000083500000|100%|HS|  |TAMS 0x0000000083500000, 0x0000000083400000| Complete 
|  53|0x0000000083500000, 0x0000000083600000, 0x0000000083600000|100%|HS|  |TAMS 0x0000000083600000, 0x0000000083500000| Complete 
|  54|0x0000000083600000, 0x0000000083700000, 0x0000000083700000|100%|HC|  |TAMS 0x0000000083700000, 0x0000000083600000| Complete 
|  55|0x0000000083700000, 0x0000000083800000, 0x0000000083800000|100%| O|  |TAMS 0x0000000083800000, 0x0000000083700000| Untracked 
|  56|0x0000000083800000, 0x0000000083900000, 0x0000000083900000|100%| O|  |TAMS 0x0000000083900000, 0x0000000083800000| Untracked 
|  57|0x0000000083900000, 0x0000000083a00000, 0x0000000083a00000|100%| O|  |TAMS 0x0000000083a00000, 0x0000000083900000| Untracked 
|  58|0x0000000083a00000, 0x0000000083b00000, 0x0000000083b00000|100%| O|  |TAMS 0x0000000083b00000, 0x0000000083a00000| Untracked 
|  59|0x0000000083b00000, 0x0000000083c00000, 0x0000000083c00000|100%| O|  |TAMS 0x0000000083c00000, 0x0000000083b00000| Untracked 
|  60|0x0000000083c00000, 0x0000000083d00000, 0x0000000083d00000|100%| O|  |TAMS 0x0000000083d00000, 0x0000000083c00000| Untracked 
|  61|0x0000000083d00000, 0x0000000083e00000, 0x0000000083e00000|100%| O|  |TAMS 0x0000000083e00000, 0x0000000083d00000| Untracked 
|  62|0x0000000083e00000, 0x0000000083f00000, 0x0000000083f00000|100%| O|  |TAMS 0x0000000083f00000, 0x0000000083e00000| Untracked 
|  63|0x0000000083f00000, 0x0000000084000000, 0x0000000084000000|100%| O|  |TAMS 0x0000000084000000, 0x0000000083f00000| Untracked 
|  64|0x0000000084000000, 0x0000000084100000, 0x0000000084100000|100%| O|  |TAMS 0x0000000084100000, 0x0000000084000000| Untracked 
|  65|0x0000000084100000, 0x0000000084200000, 0x0000000084200000|100%| O|  |TAMS 0x0000000084200000, 0x0000000084100000| Untracked 
|  66|0x0000000084200000, 0x0000000084300000, 0x0000000084300000|100%| O|  |TAMS 0x0000000084300000, 0x0000000084200000| Untracked 
|  67|0x0000000084300000, 0x0000000084400000, 0x0000000084400000|100%| O|  |TAMS 0x0000000084400000, 0x0000000084300000| Untracked 
|  68|0x0000000084400000, 0x0000000084500000, 0x0000000084500000|100%| O|  |TAMS 0x0000000084500000, 0x0000000084400000| Untracked 
|  69|0x0000000084500000, 0x0000000084600000, 0x0000000084600000|100%| O|  |TAMS 0x0000000084600000, 0x0000000084500000| Untracked 
|  70|0x0000000084600000, 0x0000000084700000, 0x0000000084700000|100%| O|  |TAMS 0x0000000084700000, 0x0000000084600000| Untracked 
|  71|0x0000000084700000, 0x0000000084800000, 0x0000000084800000|100%| O|  |TAMS 0x0000000084800000, 0x0000000084700000| Untracked 
|  72|0x0000000084800000, 0x0000000084900000, 0x0000000084900000|100%| O|  |TAMS 0x0000000084900000, 0x0000000084800000| Untracked 
|  73|0x0000000084900000, 0x0000000084a00000, 0x0000000084a00000|100%| O|  |TAMS 0x0000000084a00000, 0x0000000084900000| Untracked 
|  74|0x0000000084a00000, 0x0000000084b00000, 0x0000000084b00000|100%| O|  |TAMS 0x0000000084b00000, 0x0000000084a00000| Untracked 
|  75|0x0000000084b00000, 0x0000000084c00000, 0x0000000084c00000|100%| O|  |TAMS 0x0000000084c00000, 0x0000000084b00000| Untracked 
|  76|0x0000000084c00000, 0x0000000084d00000, 0x0000000084d00000|100%| O|  |TAMS 0x0000000084d00000, 0x0000000084c00000| Untracked 
|  77|0x0000000084d00000, 0x0000000084e00000, 0x0000000084e00000|100%| O|  |TAMS 0x0000000084e00000, 0x0000000084d00000| Untracked 
|  78|0x0000000084e00000, 0x0000000084f00000, 0x0000000084f00000|100%| O|  |TAMS 0x0000000084f00000, 0x0000000084e00000| Untracked 
|  79|0x0000000084f00000, 0x0000000085000000, 0x0000000085000000|100%| O|  |TAMS 0x0000000085000000, 0x0000000084f00000| Untracked 
|  80|0x0000000085000000, 0x0000000085100000, 0x0000000085100000|100%| O|  |TAMS 0x0000000085100000, 0x0000000085000000| Untracked 
|  81|0x0000000085100000, 0x0000000085200000, 0x0000000085200000|100%| O|  |TAMS 0x0000000085200000, 0x0000000085100000| Untracked 
|  82|0x0000000085200000, 0x0000000085300000, 0x0000000085300000|100%| O|  |TAMS 0x0000000085300000, 0x0000000085200000| Untracked 
|  83|0x0000000085300000, 0x0000000085400000, 0x0000000085400000|100%| O|  |TAMS 0x0000000085400000, 0x0000000085300000| Untracked 
|  84|0x0000000085400000, 0x0000000085500000, 0x0000000085500000|100%| O|  |TAMS 0x0000000085500000, 0x0000000085400000| Untracked 
|  85|0x0000000085500000, 0x0000000085600000, 0x0000000085600000|100%| O|  |TAMS 0x0000000085600000, 0x0000000085500000| Untracked 
|  86|0x0000000085600000, 0x0000000085700000, 0x0000000085700000|100%| O|  |TAMS 0x0000000085700000, 0x0000000085600000| Untracked 
|  87|0x0000000085700000, 0x0000000085800000, 0x0000000085800000|100%| O|  |TAMS 0x0000000085800000, 0x0000000085700000| Untracked 
|  88|0x0000000085800000, 0x0000000085900000, 0x0000000085900000|100%| O|  |TAMS 0x0000000085900000, 0x0000000085800000| Untracked 
|  89|0x0000000085900000, 0x0000000085a00000, 0x0000000085a00000|100%| O|  |TAMS 0x0000000085a00000, 0x0000000085900000| Untracked 
|  90|0x0000000085a00000, 0x0000000085b00000, 0x0000000085b00000|100%| O|  |TAMS 0x0000000085b00000, 0x0000000085a00000| Untracked 
|  91|0x0000000085b00000, 0x0000000085c00000, 0x0000000085c00000|100%| O|  |TAMS 0x0000000085c00000, 0x0000000085b00000| Untracked 
|  92|0x0000000085c00000, 0x0000000085d00000, 0x0000000085d00000|100%| O|  |TAMS 0x0000000085d00000, 0x0000000085c00000| Untracked 
|  93|0x0000000085d00000, 0x0000000085e00000, 0x0000000085e00000|100%| O|  |TAMS 0x0000000085e00000, 0x0000000085d00000| Untracked 
|  94|0x0000000085e00000, 0x0000000085f00000, 0x0000000085f00000|100%| O|  |TAMS 0x0000000085f00000, 0x0000000085e00000| Untracked 
|  95|0x0000000085f00000, 0x0000000085f3ac00, 0x0000000086000000| 22%| O|  |TAMS 0x0000000085f00000, 0x0000000085f00000| Untracked 
|  96|0x0000000086000000, 0x0000000086000000, 0x0000000086100000|  0%| F|  |TAMS 0x0000000086000000, 0x0000000086000000| Untracked 
|  97|0x0000000086100000, 0x0000000086200000, 0x0000000086200000|100%| O|  |TAMS 0x0000000086200000, 0x0000000086100000| Untracked 
|  98|0x0000000086200000, 0x0000000086300000, 0x0000000086300000|100%| O|  |TAMS 0x0000000086300000, 0x0000000086200000| Untracked 
|  99|0x0000000086300000, 0x0000000086400000, 0x0000000086400000|100%| O|  |TAMS 0x0000000086400000, 0x0000000086300000| Untracked 
| 100|0x0000000086400000, 0x0000000086500000, 0x0000000086500000|100%| O|  |TAMS 0x00000000864c4800, 0x0000000086400000| Untracked 
| 101|0x0000000086500000, 0x0000000086500000, 0x0000000086600000|  0%| F|  |TAMS 0x0000000086500000, 0x0000000086500000| Untracked 
| 102|0x0000000086600000, 0x0000000086600000, 0x0000000086700000|  0%| F|  |TAMS 0x0000000086600000, 0x0000000086600000| Untracked 
| 103|0x0000000086700000, 0x0000000086700000, 0x0000000086800000|  0%| F|  |TAMS 0x0000000086700000, 0x0000000086700000| Untracked 
| 104|0x0000000086800000, 0x0000000086800000, 0x0000000086900000|  0%| F|  |TAMS 0x0000000086800000, 0x0000000086800000| Untracked 
| 105|0x0000000086900000, 0x0000000086900000, 0x0000000086a00000|  0%| F|  |TAMS 0x0000000086900000, 0x0000000086900000| Untracked 
| 106|0x0000000086a00000, 0x0000000086a00000, 0x0000000086b00000|  0%| F|  |TAMS 0x0000000086a00000, 0x0000000086a00000| Untracked 
| 107|0x0000000086b00000, 0x0000000086b00000, 0x0000000086c00000|  0%| F|  |TAMS 0x0000000086b00000, 0x0000000086b00000| Untracked 
| 108|0x0000000086c00000, 0x0000000086c00000, 0x0000000086d00000|  0%| F|  |TAMS 0x0000000086c00000, 0x0000000086c00000| Untracked 
| 109|0x0000000086d00000, 0x0000000086d00000, 0x0000000086e00000|  0%| F|  |TAMS 0x0000000086d00000, 0x0000000086d00000| Untracked 
| 110|0x0000000086e00000, 0x0000000086e00000, 0x0000000086f00000|  0%| F|  |TAMS 0x0000000086e00000, 0x0000000086e00000| Untracked 
| 111|0x0000000086f00000, 0x0000000086f00000, 0x0000000087000000|  0%| F|  |TAMS 0x0000000086f00000, 0x0000000086f00000| Untracked 
| 112|0x0000000087000000, 0x0000000087000000, 0x0000000087100000|  0%| F|  |TAMS 0x0000000087000000, 0x0000000087000000| Untracked 
| 113|0x0000000087100000, 0x0000000087100000, 0x0000000087200000|  0%| F|  |TAMS 0x0000000087100000, 0x0000000087100000| Untracked 
| 114|0x0000000087200000, 0x0000000087200000, 0x0000000087300000|  0%| F|  |TAMS 0x0000000087200000, 0x0000000087200000| Untracked 
| 115|0x0000000087300000, 0x0000000087300000, 0x0000000087400000|  0%| F|  |TAMS 0x0000000087300000, 0x0000000087300000| Untracked 
| 116|0x0000000087400000, 0x0000000087400000, 0x0000000087500000|  0%| F|  |TAMS 0x0000000087400000, 0x0000000087400000| Untracked 
| 117|0x0000000087500000, 0x0000000087600000, 0x0000000087600000|100%| S|CS|TAMS 0x0000000087500000, 0x0000000087500000| Complete 
| 118|0x0000000087600000, 0x0000000087700000, 0x0000000087700000|100%| S|CS|TAMS 0x0000000087600000, 0x0000000087600000| Complete 
| 119|0x0000000087700000, 0x0000000087800000, 0x0000000087800000|100%| S|CS|TAMS 0x0000000087700000, 0x0000000087700000| Complete 
| 120|0x0000000087800000, 0x0000000087900000, 0x0000000087900000|100%| S|CS|TAMS 0x0000000087800000, 0x0000000087800000| Complete 
| 121|0x0000000087900000, 0x0000000087a00000, 0x0000000087a00000|100%| S|CS|TAMS 0x0000000087900000, 0x0000000087900000| Complete 
| 122|0x0000000087a00000, 0x0000000087a00000, 0x0000000087b00000|  0%| F|  |TAMS 0x0000000087a00000, 0x0000000087a00000| Untracked 
| 123|0x0000000087b00000, 0x0000000087b00000, 0x0000000087c00000|  0%| F|  |TAMS 0x0000000087b00000, 0x0000000087b00000| Untracked 
| 124|0x0000000087c00000, 0x0000000087c00000, 0x0000000087d00000|  0%| F|  |TAMS 0x0000000087c00000, 0x0000000087c00000| Untracked 
| 125|0x0000000087d00000, 0x0000000087d00000, 0x0000000087e00000|  0%| F|  |TAMS 0x0000000087d00000, 0x0000000087d00000| Untracked 
| 126|0x0000000087e00000, 0x0000000087f00000, 0x0000000087f00000|100%| S|CS|TAMS 0x0000000087e00000, 0x0000000087e00000| Complete 
| 127|0x0000000087f00000, 0x0000000088000000, 0x0000000088000000|100%| S|CS|TAMS 0x0000000087f00000, 0x0000000087f00000| Complete 
| 128|0x0000000088000000, 0x0000000088100000, 0x0000000088100000|100%| S|CS|TAMS 0x0000000088000000, 0x0000000088000000| Complete 
| 129|0x0000000088100000, 0x0000000088100000, 0x0000000088200000|  0%| F|  |TAMS 0x0000000088100000, 0x0000000088100000| Untracked 
| 130|0x0000000088200000, 0x0000000088200000, 0x0000000088300000|  0%| F|  |TAMS 0x0000000088200000, 0x0000000088200000| Untracked 
| 131|0x0000000088300000, 0x0000000088300000, 0x0000000088400000|  0%| F|  |TAMS 0x0000000088300000, 0x0000000088300000| Untracked 
| 132|0x0000000088400000, 0x0000000088400000, 0x0000000088500000|  0%| F|  |TAMS 0x0000000088400000, 0x0000000088400000| Untracked 
| 133|0x0000000088500000, 0x0000000088500000, 0x0000000088600000|  0%| F|  |TAMS 0x0000000088500000, 0x0000000088500000| Untracked 
| 134|0x0000000088600000, 0x0000000088600000, 0x0000000088700000|  0%| F|  |TAMS 0x0000000088600000, 0x0000000088600000| Untracked 
| 135|0x0000000088700000, 0x0000000088700000, 0x0000000088800000|  0%| F|  |TAMS 0x0000000088700000, 0x0000000088700000| Untracked 
| 136|0x0000000088800000, 0x0000000088800000, 0x0000000088900000|  0%| F|  |TAMS 0x0000000088800000, 0x0000000088800000| Untracked 
| 137|0x0000000088900000, 0x0000000088900000, 0x0000000088a00000|  0%| F|  |TAMS 0x0000000088900000, 0x0000000088900000| Untracked 
| 138|0x0000000088a00000, 0x0000000088a00000, 0x0000000088b00000|  0%| F|  |TAMS 0x0000000088a00000, 0x0000000088a00000| Untracked 
| 139|0x0000000088b00000, 0x0000000088b00000, 0x0000000088c00000|  0%| F|  |TAMS 0x0000000088b00000, 0x0000000088b00000| Untracked 
| 140|0x0000000088c00000, 0x0000000088c00000, 0x0000000088d00000|  0%| F|  |TAMS 0x0000000088c00000, 0x0000000088c00000| Untracked 
| 141|0x0000000088d00000, 0x0000000088d00000, 0x0000000088e00000|  0%| F|  |TAMS 0x0000000088d00000, 0x0000000088d00000| Untracked 
| 142|0x0000000088e00000, 0x0000000088e00000, 0x0000000088f00000|  0%| F|  |TAMS 0x0000000088e00000, 0x0000000088e00000| Untracked 
| 143|0x0000000088f00000, 0x0000000088f00000, 0x0000000089000000|  0%| F|  |TAMS 0x0000000088f00000, 0x0000000088f00000| Untracked 
| 144|0x0000000089000000, 0x0000000089000000, 0x0000000089100000|  0%| F|  |TAMS 0x0000000089000000, 0x0000000089000000| Untracked 
| 145|0x0000000089100000, 0x0000000089100000, 0x0000000089200000|  0%| F|  |TAMS 0x0000000089100000, 0x0000000089100000| Untracked 
| 146|0x0000000089200000, 0x0000000089200000, 0x0000000089300000|  0%| F|  |TAMS 0x0000000089200000, 0x0000000089200000| Untracked 
| 147|0x0000000089300000, 0x0000000089300000, 0x0000000089400000|  0%| F|  |TAMS 0x0000000089300000, 0x0000000089300000| Untracked 
| 148|0x0000000089400000, 0x0000000089400000, 0x0000000089500000|  0%| F|  |TAMS 0x0000000089400000, 0x0000000089400000| Untracked 
| 149|0x0000000089500000, 0x0000000089500000, 0x0000000089600000|  0%| F|  |TAMS 0x0000000089500000, 0x0000000089500000| Untracked 
| 150|0x0000000089600000, 0x0000000089600000, 0x0000000089700000|  0%| F|  |TAMS 0x0000000089600000, 0x0000000089600000| Untracked 
| 151|0x0000000089700000, 0x0000000089700000, 0x0000000089800000|  0%| F|  |TAMS 0x0000000089700000, 0x0000000089700000| Untracked 
| 152|0x0000000089800000, 0x0000000089800000, 0x0000000089900000|  0%| F|  |TAMS 0x0000000089800000, 0x0000000089800000| Untracked 
| 153|0x0000000089900000, 0x0000000089900000, 0x0000000089a00000|  0%| F|  |TAMS 0x0000000089900000, 0x0000000089900000| Untracked 
| 154|0x0000000089a00000, 0x0000000089a00000, 0x0000000089b00000|  0%| F|  |TAMS 0x0000000089a00000, 0x0000000089a00000| Untracked 
| 155|0x0000000089b00000, 0x0000000089b00000, 0x0000000089c00000|  0%| F|  |TAMS 0x0000000089b00000, 0x0000000089b00000| Untracked 
| 156|0x0000000089c00000, 0x0000000089c00000, 0x0000000089d00000|  0%| F|  |TAMS 0x0000000089c00000, 0x0000000089c00000| Untracked 
| 157|0x0000000089d00000, 0x0000000089d00000, 0x0000000089e00000|  0%| F|  |TAMS 0x0000000089d00000, 0x0000000089d00000| Untracked 
| 158|0x0000000089e00000, 0x0000000089e00000, 0x0000000089f00000|  0%| F|  |TAMS 0x0000000089e00000, 0x0000000089e00000| Untracked 
| 159|0x0000000089f00000, 0x0000000089f00000, 0x000000008a000000|  0%| F|  |TAMS 0x0000000089f00000, 0x0000000089f00000| Untracked 
| 160|0x000000008a000000, 0x000000008a000000, 0x000000008a100000|  0%| F|  |TAMS 0x000000008a000000, 0x000000008a000000| Untracked 
| 161|0x000000008a100000, 0x000000008a167030, 0x000000008a200000| 40%| E|  |TAMS 0x000000008a100000, 0x000000008a100000| Complete 
| 162|0x000000008a200000, 0x000000008a300000, 0x000000008a300000|100%| E|CS|TAMS 0x000000008a200000, 0x000000008a200000| Complete 
| 163|0x000000008a300000, 0x000000008a400000, 0x000000008a400000|100%| E|CS|TAMS 0x000000008a300000, 0x000000008a300000| Complete 
| 164|0x000000008a400000, 0x000000008a500000, 0x000000008a500000|100%| E|CS|TAMS 0x000000008a400000, 0x000000008a400000| Complete 
| 165|0x000000008a500000, 0x000000008a600000, 0x000000008a600000|100%| E|CS|TAMS 0x000000008a500000, 0x000000008a500000| Complete 
| 166|0x000000008a600000, 0x000000008a700000, 0x000000008a700000|100%| E|CS|TAMS 0x000000008a600000, 0x000000008a600000| Complete 
| 167|0x000000008a700000, 0x000000008a800000, 0x000000008a800000|100%| E|CS|TAMS 0x000000008a700000, 0x000000008a700000| Complete 
| 168|0x000000008a800000, 0x000000008a900000, 0x000000008a900000|100%| E|CS|TAMS 0x000000008a800000, 0x000000008a800000| Complete 
| 169|0x000000008a900000, 0x000000008aa00000, 0x000000008aa00000|100%| E|CS|TAMS 0x000000008a900000, 0x000000008a900000| Complete 
| 170|0x000000008aa00000, 0x000000008ab00000, 0x000000008ab00000|100%| E|CS|TAMS 0x000000008aa00000, 0x000000008aa00000| Complete 
| 171|0x000000008ab00000, 0x000000008ac00000, 0x000000008ac00000|100%| E|  |TAMS 0x000000008ab00000, 0x000000008ab00000| Complete 
| 172|0x000000008ac00000, 0x000000008ad00000, 0x000000008ad00000|100%| E|CS|TAMS 0x000000008ac00000, 0x000000008ac00000| Complete 
| 173|0x000000008ad00000, 0x000000008ae00000, 0x000000008ae00000|100%| E|CS|TAMS 0x000000008ad00000, 0x000000008ad00000| Complete 
| 174|0x000000008ae00000, 0x000000008af00000, 0x000000008af00000|100%| E|CS|TAMS 0x000000008ae00000, 0x000000008ae00000| Complete 
| 175|0x000000008af00000, 0x000000008b000000, 0x000000008b000000|100%| E|CS|TAMS 0x000000008af00000, 0x000000008af00000| Complete 
| 176|0x000000008b000000, 0x000000008b100000, 0x000000008b100000|100%| E|CS|TAMS 0x000000008b000000, 0x000000008b000000| Complete 
| 177|0x000000008b100000, 0x000000008b200000, 0x000000008b200000|100%| E|CS|TAMS 0x000000008b100000, 0x000000008b100000| Complete 
| 178|0x000000008b200000, 0x000000008b300000, 0x000000008b300000|100%| E|CS|TAMS 0x000000008b200000, 0x000000008b200000| Complete 
| 179|0x000000008b300000, 0x000000008b400000, 0x000000008b400000|100%| E|CS|TAMS 0x000000008b300000, 0x000000008b300000| Complete 
| 180|0x000000008b400000, 0x000000008b500000, 0x000000008b500000|100%| E|CS|TAMS 0x000000008b400000, 0x000000008b400000| Complete 
| 181|0x000000008b500000, 0x000000008b600000, 0x000000008b600000|100%| E|CS|TAMS 0x000000008b500000, 0x000000008b500000| Complete 
| 182|0x000000008b600000, 0x000000008b700000, 0x000000008b700000|100%| E|CS|TAMS 0x000000008b600000, 0x000000008b600000| Complete 

Card table byte_map: [0x0000027aa1de0000,0x0000027aa21e0000] _byte_map_base: 0x0000027aa19e0000

Marking Bits (Prev, Next): (CMBitMap*) 0x0000027a8ee2d3f0, (CMBitMap*) 0x0000027a8ee2d3b8
 Prev Bits: [0x0000027aa45e0000, 0x0000027aa65e0000)
 Next Bits: [0x0000027aa25e0000, 0x0000027aa45e0000)

Polling page: 0x0000027a8cd40000

Metaspace:

Usage:
  Non-class:    101.36 MB capacity,    99.36 MB ( 98%) used,     1.66 MB (  2%) free+waste,   342.69 KB ( <1%) overhead. 
      Class:     15.33 MB capacity,    14.25 MB ( 93%) used,   949.72 KB (  6%) free+waste,   157.25 KB (  1%) overhead. 
       Both:    116.69 MB capacity,   113.61 MB ( 97%) used,     2.59 MB (  2%) free+waste,   499.94 KB ( <1%) overhead. 

Virtual space:
  Non-class space:      102.00 MB reserved,     101.50 MB (>99%) committed 
      Class space:        1.00 GB reserved,      15.38 MB (  2%) committed 
             Both:        1.10 GB reserved,     116.88 MB ( 10%) committed 

Chunk freelists:
   Non-Class:  15.00 KB
       Class:  0 bytes
        Both:  15.00 KB

MaxMetaspaceSize: 17179869184.00 GB
CompressedClassSpaceSize: 1.00 GB

CodeHeap 'non-profiled nmethods': size=120064Kb used=10102Kb max_used=10102Kb free=109961Kb
 bounds [0x0000027a9a390000, 0x0000027a9ad70000, 0x0000027aa18d0000]
CodeHeap 'profiled nmethods': size=120000Kb used=32167Kb max_used=32167Kb free=87832Kb
 bounds [0x0000027a92e60000, 0x0000027a94dd0000, 0x0000027a9a390000]
CodeHeap 'non-nmethods': size=5696Kb used=2346Kb max_used=2406Kb free=3349Kb
 bounds [0x0000027a928d0000, 0x0000027a92b40000, 0x0000027a92e60000]
 total_blobs=15350 nmethods=14380 adapters=881
 compilation: enabled
              stopped_count=0, restarted_count=0
 full_count=0

Compilation events (20 events):
Event: 90.177 Thread 0x0000027ab34f6800 nmethod 14434 0x0000027a9ad63490 code [0x0000027a9ad63640, 0x0000027a9ad63938]
Event: 90.177 Thread 0x0000027ab34f6800 14437       4       java.lang.String::join (59 bytes)
Event: 90.177 Thread 0x0000027aa96c3800 14439       1       org.gradle.api.internal.artifacts.transform.DefaultTransformer$TransformServiceLookup$InjectionPoint::getAnnotation (5 bytes)
Event: 90.177 Thread 0x0000027aa96c3800 nmethod 14439 0x0000027a9ad63c90 code [0x0000027a9ad63e40, 0x0000027a9ad63ef8]
Event: 90.177 Thread 0x0000027aa96c3800 14440       3       org.gradle.internal.snapshot.MerkleDirectorySnapshotBuilder$Directory::fold (145 bytes)
Event: 90.179 Thread 0x0000027aa96c3800 nmethod 14440 0x0000027a94daef10 code [0x0000027a94daf400, 0x0000027a94db1cd8]
Event: 90.180 Thread 0x0000027aa96c3800 14441       1       org.gradle.internal.execution.history.impl.SerializableFileCollectionFingerprint::getFingerprints (5 bytes)
Event: 90.180 Thread 0x0000027aa96c3800 nmethod 14441 0x0000027a9ad63f90 code [0x0000027a9ad64140, 0x0000027a9ad641f8]
Event: 90.180 Thread 0x0000027aa967b800 nmethod 14436 0x0000027a9ad64290 code [0x0000027a9ad64440, 0x0000027a9ad64918]
Event: 90.180 Thread 0x0000027aa967b800 14438   !   4       java.io.WinNTFileSystem::resolve (362 bytes)
Event: 90.183 Thread 0x0000027aa96c3800 14444       3       java.util.Optional::ifPresent (18 bytes)
Event: 90.184 Thread 0x0000027aa96c3800 nmethod 14444 0x0000027a94db2c90 code [0x0000027a94db2e40, 0x0000027a94db3048]
Event: 90.185 Thread 0x0000027aa96c3800 14445       3       org.gradle.cache.internal.btree.BlockPointer::start (4 bytes)
Event: 90.185 Thread 0x0000027aa96c3800 nmethod 14445 0x0000027a94db3110 code [0x0000027a94db32c0, 0x0000027a94db33b8]
Event: 90.186 Thread 0x0000027ab34f6800 nmethod 14437 0x0000027a9ad64c10 code [0x0000027a9ad64e00, 0x0000027a9ad65868]
Event: 90.186 Thread 0x0000027ab34f6800 14442   !   4       com.google.common.cache.LocalCache::processPendingNotifications (47 bytes)
Event: 90.187 Thread 0x0000027aa96c3800 14446       3       org.gradle.internal.snapshot.AbstractStorePathRelationshipHandler::handleSiblingOfChild (95 bytes)
Event: 90.187 Thread 0x0000027aa96c3800 nmethod 14446 0x0000027a94db3490 code [0x0000027a94db3700, 0x0000027a94db41c8]
Event: 90.189 Thread 0x0000027aa967b800 nmethod 14438 0x0000027a9ad65d10 code [0x0000027a9ad65f40, 0x0000027a9ad66ae0]
Event: 90.189 Thread 0x0000027aa967b800 14443   !   4       com.google.common.cache.LocalCache$Segment::runLockedCleanup (39 bytes)

GC Heap History (20 events):
Event: 21.390 GC heap before
{Heap before GC invocations=32 (full 0):
 garbage-first heap   total 187392K, used 156684K [0x0000000080000000, 0x0000000100000000)
  region size 1024K, 57 young (58368K), 5 survivors (5120K)
 Metaspace       used 103135K, capacity 105877K, committed 106240K, reserved 1140736K
  class space    used 13040K, capacity 13960K, committed 14080K, reserved 1048576K
}
Event: 21.394 GC heap after
{Heap after GC invocations=33 (full 0):
 garbage-first heap   total 187392K, used 104673K [0x0000000080000000, 0x0000000100000000)
  region size 1024K, 2 young (2048K), 2 survivors (2048K)
 Metaspace       used 103135K, capacity 105877K, committed 106240K, reserved 1140736K
  class space    used 13040K, capacity 13960K, committed 14080K, reserved 1048576K
}
Event: 21.473 GC heap before
{Heap before GC invocations=33 (full 0):
 garbage-first heap   total 187392K, used 156897K [0x0000000080000000, 0x0000000100000000)
  region size 1024K, 53 young (54272K), 2 survivors (2048K)
 Metaspace       used 103135K, capacity 105877K, committed 106240K, reserved 1140736K
  class space    used 13040K, capacity 13960K, committed 14080K, reserved 1048576K
}
Event: 21.476 GC heap after
{Heap after GC invocations=34 (full 0):
 garbage-first heap   total 187392K, used 105095K [0x0000000080000000, 0x0000000100000000)
  region size 1024K, 3 young (3072K), 3 survivors (3072K)
 Metaspace       used 103135K, capacity 105877K, committed 106240K, reserved 1140736K
  class space    used 13040K, capacity 13960K, committed 14080K, reserved 1048576K
}
Event: 21.725 GC heap before
{Heap before GC invocations=35 (full 0):
 garbage-first heap   total 187392K, used 144007K [0x0000000080000000, 0x0000000100000000)
  region size 1024K, 42 young (43008K), 3 survivors (3072K)
 Metaspace       used 103124K, capacity 105701K, committed 106240K, reserved 1140736K
  class space    used 13014K, capacity 13876K, committed 14080K, reserved 1048576K
}
Event: 21.727 GC heap after
{Heap after GC invocations=36 (full 0):
 garbage-first heap   total 187392K, used 101484K [0x0000000080000000, 0x0000000100000000)
  region size 1024K, 1 young (1024K), 1 survivors (1024K)
 Metaspace       used 103124K, capacity 105701K, committed 106240K, reserved 1140736K
  class space    used 13014K, capacity 13876K, committed 14080K, reserved 1048576K
}
Event: 21.944 GC heap before
{Heap before GC invocations=37 (full 0):
 garbage-first heap   total 187392K, used 158828K [0x0000000080000000, 0x0000000100000000)
  region size 1024K, 55 young (56320K), 1 survivors (1024K)
 Metaspace       used 103614K, capacity 106181K, committed 106752K, reserved 1142784K
  class space    used 13036K, capacity 13908K, committed 14080K, reserved 1048576K
}
Event: 21.946 GC heap after
{Heap after GC invocations=38 (full 0):
 garbage-first heap   total 187392K, used 106253K [0x0000000080000000, 0x0000000100000000)
  region size 1024K, 4 young (4096K), 4 survivors (4096K)
 Metaspace       used 103614K, capacity 106181K, committed 106752K, reserved 1142784K
  class space    used 13036K, capacity 13908K, committed 14080K, reserved 1048576K
}
Event: 22.091 GC heap before
{Heap before GC invocations=38 (full 0):
 garbage-first heap   total 187392K, used 159501K [0x0000000080000000, 0x0000000100000000)
  region size 1024K, 56 young (57344K), 4 survivors (4096K)
 Metaspace       used 103617K, capacity 106181K, committed 106752K, reserved 1142784K
  class space    used 13036K, capacity 13908K, committed 14080K, reserved 1048576K
}
Event: 22.094 GC heap after
{Heap after GC invocations=39 (full 0):
 garbage-first heap   total 187392K, used 106508K [0x0000000080000000, 0x0000000100000000)
  region size 1024K, 4 young (4096K), 4 survivors (4096K)
 Metaspace       used 103617K, capacity 106181K, committed 106752K, reserved 1142784K
  class space    used 13036K, capacity 13908K, committed 14080K, reserved 1048576K
}
Event: 22.229 GC heap before
{Heap before GC invocations=40 (full 0):
 garbage-first heap   total 187392K, used 159756K [0x0000000080000000, 0x0000000100000000)
  region size 1024K, 56 young (57344K), 4 survivors (4096K)
 Metaspace       used 103621K, capacity 106181K, committed 106752K, reserved 1142784K
  class space    used 13036K, capacity 13908K, committed 14080K, reserved 1048576K
}
Event: 22.232 GC heap after
{Heap after GC invocations=41 (full 0):
 garbage-first heap   total 187392K, used 106579K [0x0000000080000000, 0x0000000100000000)
  region size 1024K, 4 young (4096K), 4 survivors (4096K)
 Metaspace       used 103621K, capacity 106181K, committed 106752K, reserved 1142784K
  class space    used 13036K, capacity 13908K, committed 14080K, reserved 1048576K
}
Event: 22.359 GC heap before
{Heap before GC invocations=41 (full 0):
 garbage-first heap   total 187392K, used 159827K [0x0000000080000000, 0x0000000100000000)
  region size 1024K, 56 young (57344K), 4 survivors (4096K)
 Metaspace       used 103638K, capacity 106245K, committed 106752K, reserved 1142784K
  class space    used 13037K, capacity 13908K, committed 14080K, reserved 1048576K
}
Event: 22.361 GC heap after
{Heap after GC invocations=42 (full 0):
 garbage-first heap   total 187392K, used 106771K [0x0000000080000000, 0x0000000100000000)
  region size 1024K, 4 young (4096K), 4 survivors (4096K)
 Metaspace       used 103638K, capacity 106245K, committed 106752K, reserved 1142784K
  class space    used 13037K, capacity 13908K, committed 14080K, reserved 1048576K
}
Event: 23.306 GC heap before
{Heap before GC invocations=43 (full 0):
 garbage-first heap   total 187392K, used 161043K [0x0000000080000000, 0x0000000100000000)
  region size 1024K, 57 young (58368K), 4 survivors (4096K)
 Metaspace       used 106962K, capacity 109651K, committed 109824K, reserved 1144832K
  class space    used 13526K, capacity 14482K, committed 14592K, reserved 1048576K
}
Event: 23.307 GC heap after
{Heap after GC invocations=44 (full 0):
 garbage-first heap   total 187392K, used 102162K [0x0000000080000000, 0x0000000100000000)
  region size 1024K, 1 young (1024K), 1 survivors (1024K)
 Metaspace       used 106962K, capacity 109651K, committed 109824K, reserved 1144832K
  class space    used 13526K, capacity 14482K, committed 14592K, reserved 1048576K
}
Event: 24.619 GC heap before
{Heap before GC invocations=44 (full 0):
 garbage-first heap   total 187392K, used 159506K [0x0000000080000000, 0x0000000100000000)
  region size 1024K, 57 young (58368K), 1 survivors (1024K)
 Metaspace       used 112461K, capacity 115395K, committed 115584K, reserved 1148928K
  class space    used 14144K, capacity 15221K, committed 15232K, reserved 1048576K
}
Event: 24.623 GC heap after
{Heap after GC invocations=45 (full 0):
 garbage-first heap   total 187392K, used 104996K [0x0000000080000000, 0x0000000100000000)
  region size 1024K, 4 young (4096K), 4 survivors (4096K)
 Metaspace       used 112461K, capacity 115395K, committed 115584K, reserved 1148928K
  class space    used 14144K, capacity 15221K, committed 15232K, reserved 1048576K
}
Event: 89.429 GC heap before
{Heap before GC invocations=46 (full 0):
 garbage-first heap   total 187392K, used 159268K [0x0000000080000000, 0x0000000100000000)
  region size 1024K, 58 young (59392K), 4 survivors (4096K)
 Metaspace       used 115378K, capacity 118463K, committed 118784K, reserved 1153024K
  class space    used 14454K, capacity 15546K, committed 15616K, reserved 1048576K
}
Event: 89.436 GC heap after
{Heap after GC invocations=47 (full 0):
 garbage-first heap   total 187392K, used 109803K [0x0000000080000000, 0x0000000100000000)
  region size 1024K, 8 young (8192K), 8 survivors (8192K)
 Metaspace       used 115378K, capacity 118463K, committed 118784K, reserved 1153024K
  class space    used 14454K, capacity 15546K, committed 15616K, reserved 1048576K
}

Deoptimization events (20 events):
Event: 90.074 Thread 0x0000027aad0b7000 Uncommon trap: trap_request=0xfffffff4 fr.pc=0x0000027a9ad5a90c relative=0x0000000000000aec
Event: 90.074 Thread 0x0000027aad0b7000 Uncommon trap: reason=null_check action=make_not_entrant pc=0x0000027a9ad5a90c method=org.gradle.tooling.internal.provider.runner.SubtreeFilteringBuildOperationListener.started(Lorg/gradle/internal/operations/BuildOperationDescriptor;Lorg/gradle/internal/
Event: 90.074 Thread 0x0000027aad0b7000 DEOPT PACKING pc=0x0000027a9ad5a90c sp=0x000000968dffe5f0
Event: 90.074 Thread 0x0000027aad0b7000 DEOPT UNPACKING pc=0x0000027a928f78af sp=0x000000968dffe5a0 mode 2
Event: 90.101 Thread 0x0000027aac186800 Uncommon trap: trap_request=0xffffffde fr.pc=0x0000027a9ab1e140 relative=0x0000000000000280
Event: 90.101 Thread 0x0000027aac186800 Uncommon trap: reason=class_check action=maybe_recompile pc=0x0000027a9ab1e140 method=java.util.concurrent.ConcurrentHashMap.get(Ljava/lang/Object;)Ljava/lang/Object; @ 93 c2
Event: 90.101 Thread 0x0000027aac186800 DEOPT PACKING pc=0x0000027a9ab1e140 sp=0x000000968ddfdf10
Event: 90.101 Thread 0x0000027aac186800 DEOPT UNPACKING pc=0x0000027a928f78af sp=0x000000968ddfde68 mode 2
Event: 90.101 Thread 0x0000027aac186800 Uncommon trap: trap_request=0xffffffde fr.pc=0x0000027a9ab1e140 relative=0x0000000000000280
Event: 90.101 Thread 0x0000027aac186800 Uncommon trap: reason=class_check action=maybe_recompile pc=0x0000027a9ab1e140 method=java.util.concurrent.ConcurrentHashMap.get(Ljava/lang/Object;)Ljava/lang/Object; @ 93 c2
Event: 90.101 Thread 0x0000027aac186800 DEOPT PACKING pc=0x0000027a9ab1e140 sp=0x000000968ddfdbf0
Event: 90.101 Thread 0x0000027aac186800 DEOPT UNPACKING pc=0x0000027a928f78af sp=0x000000968ddfdb48 mode 2
Event: 90.106 Thread 0x0000027aad0b7000 Uncommon trap: trap_request=0xffffffde fr.pc=0x0000027a9ab1e140 relative=0x0000000000000280
Event: 90.106 Thread 0x0000027aad0b7000 Uncommon trap: reason=class_check action=maybe_recompile pc=0x0000027a9ab1e140 method=java.util.concurrent.ConcurrentHashMap.get(Ljava/lang/Object;)Ljava/lang/Object; @ 93 c2
Event: 90.106 Thread 0x0000027aad0b7000 DEOPT PACKING pc=0x0000027a9ab1e140 sp=0x000000968dffde30
Event: 90.106 Thread 0x0000027aad0b7000 DEOPT UNPACKING pc=0x0000027a928f78af sp=0x000000968dffdd88 mode 2
Event: 90.106 Thread 0x0000027aad0b7000 Uncommon trap: trap_request=0xffffffde fr.pc=0x0000027a9ab1e140 relative=0x0000000000000280
Event: 90.106 Thread 0x0000027aad0b7000 Uncommon trap: reason=class_check action=maybe_recompile pc=0x0000027a9ab1e140 method=java.util.concurrent.ConcurrentHashMap.get(Ljava/lang/Object;)Ljava/lang/Object; @ 93 c2
Event: 90.106 Thread 0x0000027aad0b7000 DEOPT PACKING pc=0x0000027a9ab1e140 sp=0x000000968dffdb10
Event: 90.106 Thread 0x0000027aad0b7000 DEOPT UNPACKING pc=0x0000027a928f78af sp=0x000000968dffda68 mode 2

Classes redefined (0 events):
No events

Internal exceptions (20 events):
Event: 89.174 Thread 0x0000027aac17e800 Exception <a 'sun/nio/fs/WindowsException'{0x0000000089792790}> (0x0000000089792790) thrown at [./src/hotspot/share/prims/jni.cpp, line 615]
Event: 89.174 Thread 0x0000027aac17e800 Exception <a 'sun/nio/fs/WindowsException'{0x00000000897938c0}> (0x00000000897938c0) thrown at [./src/hotspot/share/prims/jni.cpp, line 615]
Event: 89.174 Thread 0x0000027aac17e800 Exception <a 'sun/nio/fs/WindowsException'{0x00000000897949f0}> (0x00000000897949f0) thrown at [./src/hotspot/share/prims/jni.cpp, line 615]
Event: 89.256 Thread 0x0000027aac17e800 Exception <a 'java/lang/NoSuchMethodError'{0x0000000089165510}: 'java.lang.Object java.lang.invoke.Invokers$Holder.linkToTargetMethod(java.lang.Object, int, int, java.lang.Object)'> (0x0000000089165510) thrown at [./src/hotspot/share/interpreter/linkResolver.cpp, line 773]
Event: 89.349 Thread 0x0000027aac17e800 Exception <a 'java/lang/NoSuchMethodError'{0x00000000885b6550}: <clinit>> (0x00000000885b6550) thrown at [./src/hotspot/share/prims/jni.cpp, line 1362]
Event: 89.353 Thread 0x0000027aac17e800 Exception <a 'sun/nio/fs/WindowsException'{0x000000008841d660}> (0x000000008841d660) thrown at [./src/hotspot/share/prims/jni.cpp, line 615]
Event: 89.394 Thread 0x0000027aac188000 Exception <a 'java/lang/NoSuchMethodError'{0x00000000882bd2c0}: <clinit>> (0x00000000882bd2c0) thrown at [./src/hotspot/share/prims/jni.cpp, line 1362]
Event: 89.394 Thread 0x0000027aac188000 Exception <a 'java/lang/NoSuchMethodError'{0x00000000882c6698}: <clinit>> (0x00000000882c6698) thrown at [./src/hotspot/share/prims/jni.cpp, line 1362]
Event: 89.396 Thread 0x0000027aac188000 Exception <a 'java/lang/NoSuchMethodError'{0x00000000882d0a08}: <clinit>> (0x00000000882d0a08) thrown at [./src/hotspot/share/prims/jni.cpp, line 1362]
Event: 89.396 Thread 0x0000027aac188000 Exception <a 'java/lang/NoSuchMethodError'{0x00000000882e08c0}: <clinit>> (0x00000000882e08c0) thrown at [./src/hotspot/share/prims/jni.cpp, line 1362]
Event: 89.396 Thread 0x0000027aac188000 Exception <a 'java/lang/NoSuchMethodError'{0x00000000882e1b98}: <clinit>> (0x00000000882e1b98) thrown at [./src/hotspot/share/prims/jni.cpp, line 1362]
Event: 89.442 Thread 0x0000027aad0c0000 Exception <a 'java/lang/NoSuchMethodError'{0x000000008b6f9ec8}: <clinit>> (0x000000008b6f9ec8) thrown at [./src/hotspot/share/prims/jni.cpp, line 1362]
Event: 89.442 Thread 0x0000027aad0c0000 Exception <a 'java/lang/NoSuchMethodError'{0x000000008b575888}: <clinit>> (0x000000008b575888) thrown at [./src/hotspot/share/prims/jni.cpp, line 1362]
Event: 89.444 Thread 0x0000027aad0c0000 Exception <a 'java/lang/NoSuchMethodError'{0x000000008b5b9c58}: <clinit>> (0x000000008b5b9c58) thrown at [./src/hotspot/share/prims/jni.cpp, line 1362]
Event: 89.480 Thread 0x0000027aac188000 Exception <a 'java/lang/NoSuchMethodError'{0x000000008b61efd0}: <clinit>> (0x000000008b61efd0) thrown at [./src/hotspot/share/prims/jni.cpp, line 1362]
Event: 89.667 Thread 0x0000027aac188000 Exception <a 'java/lang/NoSuchMethodError'{0x000000008b1c9250}: <clinit>> (0x000000008b1c9250) thrown at [./src/hotspot/share/prims/jni.cpp, line 1362]
Event: 89.733 Thread 0x0000027aab81e000 Exception <a 'sun/nio/fs/WindowsException'{0x000000008b01d010}> (0x000000008b01d010) thrown at [./src/hotspot/share/prims/jni.cpp, line 615]
Event: 89.733 Thread 0x0000027aab81e000 Exception <a 'sun/nio/fs/WindowsException'{0x000000008b01de80}> (0x000000008b01de80) thrown at [./src/hotspot/share/prims/jni.cpp, line 615]
Event: 89.790 Thread 0x0000027ab171c000 Exception <a 'sun/nio/fs/WindowsException'{0x000000008ae008c8}> (0x000000008ae008c8) thrown at [./src/hotspot/share/prims/jni.cpp, line 615]
Event: 90.074 Thread 0x0000027aad0b7000 Implicit null exception at 0x0000027a9ad5a00f to 0x0000027a9ad5a8e4

Events (20 events):
Event: 90.145 Executing VM operation: RevokeBias
Event: 90.145 Executing VM operation: RevokeBias done
Event: 90.153 Executing VM operation: RevokeBias
Event: 90.153 Executing VM operation: RevokeBias done
Event: 90.168 loading class com/android/build/gradle/tasks/MergeResources$Flag
Event: 90.168 loading class com/android/build/gradle/tasks/MergeResources$Flag done
Event: 90.171 loading class com/google/common/collect/ImmutableList$Builder
Event: 90.171 loading class com/google/common/collect/ImmutableList$Builder done
Event: 90.171 loading class org/gradle/api/internal/file/FileCollectionInternal
Event: 90.171 loading class org/gradle/api/internal/file/FileCollectionInternal done
Event: 90.171 loading class org/gradle/api/internal/file/collections/DefaultConfigurableFileCollection
Event: 90.171 loading class org/gradle/api/internal/file/collections/DefaultConfigurableFileCollection done
Event: 90.171 loading class org/gradle/api/internal/file/collections/DefaultConfigurableFileCollection$1
Event: 90.171 loading class org/gradle/api/internal/file/collections/DefaultConfigurableFileCollection$1 done
Event: 90.172 loading class org/gradle/api/internal/file/collections/DefaultConfigurableFileCollection$ResolvedItemsCollector
Event: 90.172 loading class org/gradle/api/internal/file/collections/DefaultConfigurableFileCollection$ResolvedItemsCollector done
Event: 90.174 Executing VM operation: RevokeBias
Event: 90.174 Executing VM operation: RevokeBias done
Event: 90.184 Executing VM operation: RevokeBias
Event: 90.185 Executing VM operation: RevokeBias done


Dynamic libraries:
0x00007ff6078f0000 - 0x00007ff6078fa000 	C:\Android Studio\jre\bin\java.exe
0x00007ff809900000 - 0x00007ff809aed000 	C:\Windows\SYSTEM32\ntdll.dll
0x00007ff807150000 - 0x00007ff807204000 	C:\Windows\System32\KERNEL32.DLL
0x00007ff805fa0000 - 0x00007ff806235000 	C:\Windows\System32\KERNELBASE.dll
0x00007ff8059c0000 - 0x00007ff805aba000 	C:\Windows\System32\ucrtbase.dll
0x00007fffec4e0000 - 0x00007fffec4f9000 	C:\Android Studio\jre\bin\jli.dll
0x00007fffda940000 - 0x00007fffda957000 	C:\Android Studio\jre\bin\VCRUNTIME140.dll
0x00007ff806d20000 - 0x00007ff806eb7000 	C:\Windows\System32\USER32.dll
0x00007ff805ed0000 - 0x00007ff805ef0000 	C:\Windows\System32\win32u.dll
0x00007fffea270000 - 0x00007fffea4e9000 	C:\Windows\WinSxS\amd64_microsoft.windows.common-controls_6595b64144ccf1df_6.0.17763.2213_none_de6ea00a534da176\COMCTL32.dll
0x00007ff806bd0000 - 0x00007ff806bf9000 	C:\Windows\System32\GDI32.dll
0x00007ff806c80000 - 0x00007ff806d1e000 	C:\Windows\System32\msvcrt.dll
0x00007ff806990000 - 0x00007ff806b2c000 	C:\Windows\System32\gdi32full.dll
0x00007ff808d20000 - 0x00007ff80904d000 	C:\Windows\System32\combase.dll
0x00007ff805b10000 - 0x00007ff805bb0000 	C:\Windows\System32\msvcp_win.dll
0x00007ff808ae0000 - 0x00007ff808bff000 	C:\Windows\System32\RPCRT4.dll
0x00007ff805bb0000 - 0x00007ff805c32000 	C:\Windows\System32\bcryptPrimitives.dll
0x00007ff807230000 - 0x00007ff80725e000 	C:\Windows\System32\IMM32.DLL
0x00007fffd1070000 - 0x00007fffd110d000 	C:\Android Studio\jre\bin\msvcp140.dll
0x00007fffbd360000 - 0x00007fffbde2f000 	C:\Android Studio\jre\bin\server\jvm.dll
0x00007ff809820000 - 0x00007ff8098c4000 	C:\Windows\System32\ADVAPI32.dll
0x00007ff806b30000 - 0x00007ff806bce000 	C:\Windows\System32\sechost.dll
0x00007ff809390000 - 0x00007ff809398000 	C:\Windows\System32\PSAPI.DLL
0x00007fffefe90000 - 0x00007fffefe99000 	C:\Windows\SYSTEM32\WSOCK32.dll
0x00007ff803ae0000 - 0x00007ff803b04000 	C:\Windows\SYSTEM32\WINMM.dll
0x00007ff800440000 - 0x00007ff80044a000 	C:\Windows\SYSTEM32\VERSION.dll
0x00007ff808cb0000 - 0x00007ff808d1d000 	C:\Windows\System32\WS2_32.dll
0x00007ff803ab0000 - 0x00007ff803add000 	C:\Windows\SYSTEM32\WINMMBASE.dll
0x00007ff805ac0000 - 0x00007ff805b0a000 	C:\Windows\System32\cfgmgr32.dll
0x00007ff805920000 - 0x00007ff805931000 	C:\Windows\System32\kernel.appcore.dll
0x00007fffed070000 - 0x00007fffed081000 	C:\Android Studio\jre\bin\verify.dll
0x00007fffebaa0000 - 0x00007fffebc8d000 	C:\Windows\SYSTEM32\DBGHELP.DLL
0x00007fffeba70000 - 0x00007fffeba9a000 	C:\Windows\SYSTEM32\dbgcore.DLL
0x00007fffe16c0000 - 0x00007fffe16e9000 	C:\Android Studio\jre\bin\java.dll
0x00007fffef220000 - 0x00007fffef22b000 	C:\Android Studio\jre\bin\jimage.dll
0x00007fffed050000 - 0x00007fffed068000 	C:\Android Studio\jre\bin\zip.dll
0x00007ff8075e0000 - 0x00007ff808ad8000 	C:\Windows\System32\SHELL32.dll
0x00007ff806f30000 - 0x00007ff806fd8000 	C:\Windows\System32\shcore.dll
0x00007ff806240000 - 0x00007ff80698a000 	C:\Windows\System32\windows.storage.dll
0x00007ff8058f0000 - 0x00007ff805914000 	C:\Windows\System32\profapi.dll
0x00007ff805960000 - 0x00007ff8059bd000 	C:\Windows\System32\powrprof.dll
0x00007ff807580000 - 0x00007ff8075d2000 	C:\Windows\System32\shlwapi.dll
0x00007ff805ca0000 - 0x00007ff805cb7000 	C:\Windows\System32\cryptsp.dll
0x00007fffec350000 - 0x00007fffec36a000 	C:\Android Studio\jre\bin\net.dll
0x00007ff801620000 - 0x00007ff801711000 	C:\Windows\SYSTEM32\WINHTTP.dll
0x00007ff805140000 - 0x00007ff8051a7000 	C:\Windows\system32\mswsock.dll
0x00007fffe9be0000 - 0x00007fffe9bf4000 	C:\Android Studio\jre\bin\nio.dll
0x00007fffda900000 - 0x00007fffda927000 	C:\Users\turkovaas\.gradle\native\8bec1ad78214c89d9ad589b4d07fe93259594b29d510b10fafb7a158f7737e5d\windows-amd64\native-platform.dll
0x00007fffda640000 - 0x00007fffda77d000 	C:\Users\turkovaas\.gradle\native\53dbd7edfb1c66fb8903c78663c9afc45aea4f116125fa6feffd364cf09443e8\windows-amd64\native-platform-file-events.dll
0x00007fffec980000 - 0x00007fffec98a000 	C:\Android Studio\jre\bin\management.dll
0x00007fffe1620000 - 0x00007fffe162c000 	C:\Android Studio\jre\bin\management_ext.dll
0x00007ff804c70000 - 0x00007ff804ca3000 	C:\Windows\system32\rsaenh.dll
0x00007ff805cc0000 - 0x00007ff805ce6000 	C:\Windows\System32\bcrypt.dll
0x00007ff805820000 - 0x00007ff805849000 	C:\Windows\SYSTEM32\USERENV.dll
0x00007ff805310000 - 0x00007ff80531c000 	C:\Windows\SYSTEM32\CRYPTBASE.dll
0x00007ff804e00000 - 0x00007ff804e3d000 	C:\Windows\SYSTEM32\IPHLPAPI.DLL
0x00007ff807510000 - 0x00007ff807518000 	C:\Windows\System32\NSI.dll
0x00007ff800aa0000 - 0x00007ff800ab6000 	C:\Windows\SYSTEM32\dhcpcsvc6.DLL
0x00007ff800420000 - 0x00007ff80043c000 	C:\Windows\SYSTEM32\dhcpcsvc.DLL
0x00007ff804ea0000 - 0x00007ff804f66000 	C:\Windows\SYSTEM32\DNSAPI.dll
0x00007fffec9b0000 - 0x00007fffec9d7000 	C:\Android Studio\jre\bin\sunec.dll
0x00007fffff580000 - 0x00007fffff58a000 	C:\Windows\System32\rasadhlp.dll
0x00007ff8010a0000 - 0x00007ff801119000 	C:\Windows\System32\fwpuclnt.dll

dbghelp: loaded successfully - version: 4.0.5 - missing functions: none
symbol engine: initialized successfully - sym options: 0x614 - pdb path: .;C:\Android Studio\jre\bin;C:\Windows\SYSTEM32;C:\Windows\WinSxS\amd64_microsoft.windows.common-controls_6595b64144ccf1df_6.0.17763.2213_none_de6ea00a534da176;C:\Android Studio\jre\bin\server;C:\Users\turkovaas\.gradle\native\8bec1ad78214c89d9ad589b4d07fe93259594b29d510b10fafb7a158f7737e5d\windows-amd64;C:\Users\turkovaas\.gradle\native\53dbd7edfb1c66fb8903c78663c9afc45aea4f116125fa6feffd364cf09443e8\windows-amd64

VM Arguments:
jvm_args: --add-opens=java.base/java.util=ALL-UNNAMED --add-opens=java.base/java.lang=ALL-UNNAMED --add-opens=java.base/java.lang.invoke=ALL-UNNAMED --add-opens=java.base/java.util=ALL-UNNAMED --add-opens=java.prefs/java.util.prefs=ALL-UNNAMED --add-opens=java.prefs/java.util.prefs=ALL-UNNAMED --add-opens=java.base/java.nio.charset=ALL-UNNAMED --add-opens=java.base/java.net=ALL-UNNAMED --add-opens=java.base/java.util.concurrent.atomic=ALL-UNNAMED -Xmx2048m -Dfile.encoding=UTF-8 -Duser.country=RU -Duser.language=ru -Duser.variant 
java_command: org.gradle.launcher.daemon.bootstrap.GradleDaemon 7.0.2
java_class_path (initial): C:\Users\turkovaas\.gradle\wrapper\dists\gradle-7.0.2-bin\857tjihv64xamwrf0h14cai3r\gradle-7.0.2\lib\gradle-launcher-7.0.2.jar
Launcher Type: SUN_STANDARD

[Global flags]
     intx CICompilerCount                          = 3                                         {product} {ergonomic}
     uint ConcGCThreads                            = 2                                         {product} {ergonomic}
     uint G1ConcRefinementThreads                  = 6                                         {product} {ergonomic}
   size_t G1HeapRegionSize                         = 1048576                                   {product} {ergonomic}
    uintx GCDrainStackTargetSize                   = 64                                        {product} {ergonomic}
   size_t InitialHeapSize                          = 132120576                                 {product} {ergonomic}
   size_t MarkStackSize                            = 4194304                                   {product} {ergonomic}
   size_t MaxHeapSize                              = 2147483648                                {product} {command line}
   size_t MaxNewSize                               = 1287651328                                {product} {ergonomic}
   size_t MinHeapDeltaBytes                        = 1048576                                   {product} {ergonomic}
    uintx NonNMethodCodeHeapSize                   = 5830732                                {pd product} {ergonomic}
    uintx NonProfiledCodeHeapSize                  = 122913754                              {pd product} {ergonomic}
    uintx ProfiledCodeHeapSize                     = 122913754                              {pd product} {ergonomic}
    uintx ReservedCodeCacheSize                    = 251658240                              {pd product} {ergonomic}
     bool SegmentedCodeCache                       = true                                      {product} {ergonomic}
     bool UseCompressedClassPointers               = true                                 {lp64_product} {ergonomic}
     bool UseCompressedOops                        = true                                 {lp64_product} {ergonomic}
     bool UseG1GC                                  = true                                      {product} {ergonomic}
     bool UseLargePagesIndividualAllocation        = false                                  {pd product} {ergonomic}

Logging:
Log output configuration:
 #0: stdout all=warning uptime,level,tags
 #1: stderr all=off uptime,level,tags

Environment Variables:
PATH=C:\Program Files (x86)\Embarcadero\Studio\20.0\bin;C:\Users\Public\Documents\Embarcadero\Studio\20.0\Bpl;C:\Program Files (x86)\Embarcadero\Studio\20.0\bin64;C:\Users\Public\Documents\Embarcadero\Studio\20.0\Bpl\Win64;C:\Program Files\Common Files\Oracle\Java\javapath;C:\Program Files (x86)\Common Files\Oracle\Java\javapath;C:\Program Files (x86)\CodeGear\RAD Studio\5.0\bin;C:\Users\Public\Documents\RAD Studio\5.0\Bpl;C:\Python38\Scripts\;C:\Python38\;C:\Windows\system32;C:\Windows;C:\Windows\System32\Wbem;C:\Windows\System32\WindowsPowerShell\v1.0\;C:\Windows\System32\OpenSSH\;C:\Program Files\dotnet\;C:\Program Files\Microsoft SQL Server\130\Tools\Binn\;C:\Program Files\Microsoft SQL Server\Client SDK\ODBC\170\Tools\Binn\;C:\TDM-GCC-64\bin;C:\Program Files (x86)\Microsoft SQL Server\150\DTS\Binn\;C:\Program Files\Azure Data Studio\bin;C:\Program Files\Git\cmd;C:\Program Files (x86)\IVI Foundation\VISA\WinNT\Bin;C:\Program Files\MATLAB\R2009b\bin;C:\Program Files\Microsoft SQL Server\110\Tools\Binn\;C:\Program Files (x86)\dotnet\;C:\Users\turkovaas\AppData\Local\Microsoft\WindowsApps;
USERNAME=turkovaas
OS=Windows_NT
PROCESSOR_IDENTIFIER=Intel64 Family 6 Model 158 Stepping 10, GenuineIntel



---------------  S Y S T E M  ---------------

OS: Windows 10 , 64 bit Build 17763 (10.0.17763.2145)
OS uptime: 0 days 3:27 hours

CPU:total 6 (initial active 6) (6 cores per cpu, 1 threads per core) family 6 model 158 stepping 10 microcode 0xde, cmov, cx8, fxsr, mmx, sse, sse2, sse3, ssse3, sse4.1, sse4.2, popcnt, avx, avx2, aes, clmul, erms, rtm, 3dnowpref, lzcnt, tsc, tscinvbit, bmi1, bmi2, adx, fma

Memory: 4k page, system-wide physical 8053M (1872M free)
TotalPageFile size 9333M (AvailPageFile size 1783M)
current process WorkingSet (physical memory assigned to process): 494M, peak: 502M
current process commit charge ("private bytes"): 528M, peak: 535M

vm_info: OpenJDK 64-Bit Server VM (11.0.10+0-b96-7249189) for windows-amd64 JRE (11.0.10+0-b96-7249189), built on Mar 31 2021 21:44:00 by "builder" with MS VC++ 14.0 (VS2015)

END.
